<?xml version="1.0" encoding="UTF-8"?>
<testsuite xmlns:xsi="http://www.w3.org/2001/XMLSchema-instance" xsi:noNamespaceSchemaLocation="https://maven.apache.org/surefire/maven-surefire-plugin/xsd/surefire-test-report.xsd" name="com.springboot.app.SpringbootFirstAppApplicationTests" time="0.678" tests="1" errors="1" skipped="0" failures="0">
  <properties>
[...]
</properties>
  <testcase name="com.springboot.app.SpringbootFirstAppApplicationTests" classname="com.springboot.app.SpringbootFirstAppApplicationTests" time="0.675">
    <error message="Failed to read candidate component class: file [/home/edga/Documents/Dev/Java/SpringBoot/Try/animall/target/test-classes/com/springboot/app/SpringbootFirstAppApplicationTests.class]; nested exception is org.springframework.core.NestedIOException: ASM ClassReader failed to parse class file - probably due to a new Java class file version that isn&apos;t supported yet: file [/home/edga/Documents/Dev/Java/SpringBoot/Try/animall/target/test-classes/com/springboot/app/SpringbootFirstAppApplicationTests.class]; nested exception is java.lang.IllegalArgumentException: Unsupported class file major version 61" type="org.springframework.beans.factory.BeanDefinitionStoreException">org.springframework.beans.factory.BeanDefinitionStoreException: Failed to read candidate component class: file [/home/edga/Documents/Dev/Java/SpringBoot/Try/animall/target/test-classes/com/springboot/app/SpringbootFirstAppApplicationTests.class]; nested exception is org.springframework.core.NestedIOException: ASM ClassReader failed to parse class file - probably due to a new Java class file version that isn't supported yet: file [/home/edga/Documents/Dev/Java/SpringBoot/Try/animall/target/test-classes/com/springboot/app/SpringbootFirstAppApplicationTests.class]; nested exception is java.lang.IllegalArgumentException: Unsupported class file major version 61
Caused by: org.springframework.core.NestedIOException: ASM ClassReader failed to parse class file - probably due to a new Java class file version that isn't supported yet: file [/home/edga/Documents/Dev/Java/SpringBoot/Try/animall/target/test-classes/com/springboot/app/SpringbootFirstAppApplicationTests.class]; nested exception is java.lang.IllegalArgumentException: Unsupported class file major version 61
Caused by: java.lang.IllegalArgumentException: Unsupported class file major version 61
</error>
    <system-out><![CDATA[11:18:38.109 [main] DEBUG org.springframework.test.context.BootstrapUtils - Instantiating CacheAwareContextLoaderDelegate from class [org.springframework.test.context.cache.DefaultCacheAwareContextLoaderDelegate]
11:18:38.130 [main] DEBUG org.springframework.test.context.BootstrapUtils - Instantiating BootstrapContext using constructor [public org.springframework.test.context.support.DefaultBootstrapContext(java.lang.Class,org.springframework.test.context.CacheAwareContextLoaderDelegate)]
11:18:38.247 [main] DEBUG org.springframework.test.context.BootstrapUtils - Instantiating TestContextBootstrapper for test class [com.springboot.app.SpringbootFirstAppApplicationTests] from class [org.springframework.boot.test.context.SpringBootTestContextBootstrapper]
11:18:38.292 [main] INFO org.springframework.boot.test.context.SpringBootTestContextBootstrapper - Neither @ContextConfiguration nor @ContextHierarchy found for test class [com.springboot.app.SpringbootFirstAppApplicationTests], using SpringBootContextLoader
11:18:38.298 [main] DEBUG org.springframework.test.context.support.AbstractContextLoader - Did not detect default resource location for test class [com.springboot.app.SpringbootFirstAppApplicationTests]: class path resource [com/springboot/app/SpringbootFirstAppApplicationTests-context.xml] does not exist
11:18:38.299 [main] DEBUG org.springframework.test.context.support.AbstractContextLoader - Did not detect default resource location for test class [com.springboot.app.SpringbootFirstAppApplicationTests]: class path resource [com/springboot/app/SpringbootFirstAppApplicationTestsContext.groovy] does not exist
11:18:38.300 [main] INFO org.springframework.test.context.support.AbstractContextLoader - Could not detect default resource locations for test class [com.springboot.app.SpringbootFirstAppApplicationTests]: no resource found for suffixes {-context.xml, Context.groovy}.
11:18:38.301 [main] INFO org.springframework.test.context.support.AnnotationConfigContextLoaderUtils - Could not detect default configuration classes for test class [com.springboot.app.SpringbootFirstAppApplicationTests]: SpringbootFirstAppApplicationTests does not declare any static, non-private, non-final, nested classes annotated with @Configuration.
11:18:38.502 [main] DEBUG org.springframework.test.context.support.ActiveProfilesUtils - Could not find an 'annotation declaring class' for annotation type [org.springframework.test.context.ActiveProfiles] and class [com.springboot.app.SpringbootFirstAppApplicationTests]
11:18:38.542 [main] DEBUG org.springframework.test.context.BootstrapUtils - Instantiating CacheAwareContextLoaderDelegate from class [org.springframework.test.context.cache.DefaultCacheAwareContextLoaderDelegate]
11:18:38.542 [main] DEBUG org.springframework.test.context.BootstrapUtils - Instantiating BootstrapContext using constructor [public org.springframework.test.context.support.DefaultBootstrapContext(java.lang.Class,org.springframework.test.context.CacheAwareContextLoaderDelegate)]
11:18:38.545 [main] DEBUG org.springframework.test.context.BootstrapUtils - Instantiating TestContextBootstrapper for test class [com.springboot.app.SpringbootFirstAppApplicationTests] from class [org.springframework.boot.test.context.SpringBootTestContextBootstrapper]
11:18:38.547 [main] INFO org.springframework.boot.test.context.SpringBootTestContextBootstrapper - Neither @ContextConfiguration nor @ContextHierarchy found for test class [com.springboot.app.SpringbootFirstAppApplicationTests], using SpringBootContextLoader
11:18:38.548 [main] DEBUG org.springframework.test.context.support.AbstractContextLoader - Did not detect default resource location for test class [com.springboot.app.SpringbootFirstAppApplicationTests]: class path resource [com/springboot/app/SpringbootFirstAppApplicationTests-context.xml] does not exist
11:18:38.549 [main] DEBUG org.springframework.test.context.support.AbstractContextLoader - Did not detect default resource location for test class [com.springboot.app.SpringbootFirstAppApplicationTests]: class path resource [com/springboot/app/SpringbootFirstAppApplicationTestsContext.groovy] does not exist
11:18:38.549 [main] INFO org.springframework.test.context.support.AbstractContextLoader - Could not detect default resource locations for test class [com.springboot.app.SpringbootFirstAppApplicationTests]: no resource found for suffixes {-context.xml, Context.groovy}.
11:18:38.549 [main] INFO org.springframework.test.context.support.AnnotationConfigContextLoaderUtils - Could not detect default configuration classes for test class [com.springboot.app.SpringbootFirstAppApplicationTests]: SpringbootFirstAppApplicationTests does not declare any static, non-private, non-final, nested classes annotated with @Configuration.
11:18:38.554 [main] DEBUG org.springframework.test.context.support.ActiveProfilesUtils - Could not find an 'annotation declaring class' for annotation type [org.springframework.test.context.ActiveProfiles] and class [com.springboot.app.SpringbootFirstAppApplicationTests]
11:18:38.557 [main] DEBUG org.springframework.test.context.BootstrapUtils - Instantiating CacheAwareContextLoaderDelegate from class [org.springframework.test.context.cache.DefaultCacheAwareContextLoaderDelegate]
11:18:38.557 [main] DEBUG org.springframework.test.context.BootstrapUtils - Instantiating BootstrapContext using constructor [public org.springframework.test.context.support.DefaultBootstrapContext(java.lang.Class,org.springframework.test.context.CacheAwareContextLoaderDelegate)]
11:18:38.558 [main] DEBUG org.springframework.test.context.BootstrapUtils - Instantiating TestContextBootstrapper for test class [com.springboot.app.SpringbootFirstAppApplicationTests] from class [org.springframework.boot.test.context.SpringBootTestContextBootstrapper]
11:18:38.560 [main] INFO org.springframework.boot.test.context.SpringBootTestContextBootstrapper - Neither @ContextConfiguration nor @ContextHierarchy found for test class [com.springboot.app.SpringbootFirstAppApplicationTests], using SpringBootContextLoader
11:18:38.561 [main] DEBUG org.springframework.test.context.support.AbstractContextLoader - Did not detect default resource location for test class [com.springboot.app.SpringbootFirstAppApplicationTests]: class path resource [com/springboot/app/SpringbootFirstAppApplicationTests-context.xml] does not exist
11:18:38.562 [main] DEBUG org.springframework.test.context.support.AbstractContextLoader - Did not detect default resource location for test class [com.springboot.app.SpringbootFirstAppApplicationTests]: class path resource [com/springboot/app/SpringbootFirstAppApplicationTestsContext.groovy] does not exist
11:18:38.562 [main] INFO org.springframework.test.context.support.AbstractContextLoader - Could not detect default resource locations for test class [com.springboot.app.SpringbootFirstAppApplicationTests]: no resource found for suffixes {-context.xml, Context.groovy}.
11:18:38.562 [main] INFO org.springframework.test.context.support.AnnotationConfigContextLoaderUtils - Could not detect default configuration classes for test class [com.springboot.app.SpringbootFirstAppApplicationTests]: SpringbootFirstAppApplicationTests does not declare any static, non-private, non-final, nested classes annotated with @Configuration.
11:18:38.568 [main] DEBUG org.springframework.test.context.support.ActiveProfilesUtils - Could not find an 'annotation declaring class' for annotation type [org.springframework.test.context.ActiveProfiles] and class [com.springboot.app.SpringbootFirstAppApplicationTests]
]]></system-out>
  </testcase>
</testsuite>